This file contains any messages produced by compilers while
running configure, to aid debugging if configure makes a mistake.

It was created by configure, which was
generated by GNU Autoconf 2.69.  Invocation command line was

  $ ./configure --no-create --no-recursion

## --------- ##
## Platform. ##
## --------- ##

hostname = sergi-gentoo
uname -m = i686
uname -r = 3.10.17-gentoo
uname -s = Linux
uname -v = #9 SMP Wed Jan 8 14:38:15 GET 2014

/usr/bin/uname -p = Intel(R) Core(TM)2 Duo CPU U9600 @ 1.60GHz
/bin/uname -X     = unknown

/bin/arch              = unknown
/usr/bin/arch -k       = unknown
/usr/convex/getsysinfo = unknown
/usr/bin/hostinfo      = unknown
/bin/machine           = unknown
/usr/bin/oslevel       = unknown
/bin/universe          = unknown

PATH: /home/sergi/bin
PATH: /usr/local/bin
PATH: /usr/bin
PATH: /bin
PATH: /opt/bin
PATH: /usr/i686-pc-linux-gnu/gcc-bin/4.8.3
PATH: /usr/games/bin
PATH: /usr/local/bin
PATH: /home/sergi/bin
PATH: /home/sergi/Development/jdk/bin
PATH: /opt/ant/bin
PATH: /opt/appengine-java-sdk/bin
PATH: /opt/google_appengine
PATH: /opt/adt-bundle-linux-x86-20130917/sdk/tools
PATH: /opt/adt-bundle-linux-x86-20130917/sdk/platform-tools/
PATH: /opt/scala/bin
PATH: /home/sergi/builds/plan9port/bin
PATH: /home/sergi/Development/git-tf
PATH: /home/sergi/Development/android-ndk-r9d
PATH: /home/sergi/Development/rkt/bin
PATH: /home/sergi/Development/android-studio/sdk/platform-tools
PATH: /home/sergi/Development/idea/bin
PATH: /home/sergi/Development/pycharm/bin


## ----------- ##
## Core tests. ##
## ----------- ##

configure:1870: checking for a BSD-compatible install
configure:1938: result: /usr/bin/install -c
configure:1949: checking whether build environment is sane
configure:2004: result: yes
configure:2155: checking for a thread-safe mkdir -p
configure:2194: result: /bin/mkdir -p
configure:2201: checking for gawk
configure:2217: found /usr/bin/gawk
configure:2228: result: gawk
configure:2239: checking whether make sets $(MAKE)
configure:2261: result: yes
configure:2290: checking whether make supports nested variables
configure:2307: result: yes
configure:2483: checking for gcc
configure:2499: found /usr/bin/gcc
configure:2510: result: gcc
configure:2739: checking for C compiler version
configure:2748: gcc --version >&5
gcc (Gentoo 4.8.3 p1.1, pie-0.5.9) 4.8.3
Copyright (C) 2013 Free Software Foundation, Inc.
This is free software; see the source for copying conditions.  There is NO
warranty; not even for MERCHANTABILITY or FITNESS FOR A PARTICULAR PURPOSE.

configure:2759: $? = 0
configure:2748: gcc -v >&5
Using built-in specs.
COLLECT_GCC=/usr/i686-pc-linux-gnu/gcc-bin/4.8.3/gcc
COLLECT_LTO_WRAPPER=/usr/libexec/gcc/i686-pc-linux-gnu/4.8.3/lto-wrapper
Target: i686-pc-linux-gnu
Configured with: /var/tmp/portage/sys-devel/gcc-4.8.3/work/gcc-4.8.3/configure --host=i686-pc-linux-gnu --build=i686-pc-linux-gnu --prefix=/usr --bindir=/usr/i686-pc-linux-gnu/gcc-bin/4.8.3 --includedir=/usr/lib/gcc/i686-pc-linux-gnu/4.8.3/include --datadir=/usr/share/gcc-data/i686-pc-linux-gnu/4.8.3 --mandir=/usr/share/gcc-data/i686-pc-linux-gnu/4.8.3/man --infodir=/usr/share/gcc-data/i686-pc-linux-gnu/4.8.3/info --with-gxx-include-dir=/usr/lib/gcc/i686-pc-linux-gnu/4.8.3/include/g++-v4 --with-python-dir=/share/gcc-data/i686-pc-linux-gnu/4.8.3/python --enable-languages=c,c++,objc,fortran --enable-obsolete --enable-secureplt --disable-werror --with-system-zlib --enable-nls --without-included-gettext --enable-checking=release --with-bugurl=https://bugs.gentoo.org/ --with-pkgversion='Gentoo 4.8.3 p1.1, pie-0.5.9' --enable-libstdcxx-time --enable-shared --enable-threads=posix --enable-__cxa_atexit --enable-clocale=gnu --disable-multilib --disable-altivec --disable-fixed-point --with-arch=i686 --enable-targets=all --disable-libgcj --enable-libgomp --disable-libmudflap --disable-libssp --enable-lto --without-cloog
Thread model: posix
gcc version 4.8.3 (Gentoo 4.8.3 p1.1, pie-0.5.9) 
configure:2759: $? = 0
configure:2748: gcc -V >&5
gcc: error: unrecognized command line option '-V'
gcc: fatal error: no input files
compilation terminated.
configure:2759: $? = 1
configure:2748: gcc -qversion >&5
gcc: error: unrecognized command line option '-qversion'
gcc: fatal error: no input files
compilation terminated.
configure:2759: $? = 1
configure:2779: checking whether the C compiler works
configure:2801: gcc    conftest.c  >&5
configure:2805: $? = 0
configure:2853: result: yes
configure:2856: checking for C compiler default output file name
configure:2858: result: a.out
configure:2864: checking for suffix of executables
configure:2871: gcc -o conftest    conftest.c  >&5
configure:2875: $? = 0
configure:2897: result: 
configure:2919: checking whether we are cross compiling
configure:2927: gcc -o conftest    conftest.c  >&5
configure:2931: $? = 0
configure:2938: ./conftest
configure:2942: $? = 0
configure:2957: result: no
configure:2962: checking for suffix of object files
configure:2984: gcc -c   conftest.c >&5
configure:2988: $? = 0
configure:3009: result: o
configure:3013: checking whether we are using the GNU C compiler
configure:3032: gcc -c   conftest.c >&5
configure:3032: $? = 0
configure:3041: result: yes
configure:3050: checking whether gcc accepts -g
configure:3070: gcc -c -g  conftest.c >&5
configure:3070: $? = 0
configure:3111: result: yes
configure:3128: checking for gcc option to accept ISO C89
configure:3191: gcc  -c -g -O2  conftest.c >&5
configure:3191: $? = 0
configure:3204: result: none needed
configure:3229: checking whether gcc understands -c and -o together
configure:3251: gcc -c conftest.c -o conftest2.o
configure:3254: $? = 0
configure:3251: gcc -c conftest.c -o conftest2.o
configure:3254: $? = 0
configure:3266: result: yes
configure:3294: checking for style of include used by make
configure:3322: result: GNU
configure:3348: checking dependency style of gcc
configure:3459: result: gcc3
configure:3480: checking how to run the C preprocessor
configure:3511: gcc -E  conftest.c
configure:3511: $? = 0
configure:3525: gcc -E  conftest.c
conftest.c:11:28: fatal error: ac_nonexistent.h: No such file or directory
 #include <ac_nonexistent.h>
                            ^
compilation terminated.
configure:3525: $? = 1
configure: failed program was:
| /* confdefs.h */
| #define PACKAGE_NAME ""
| #define PACKAGE_TARNAME ""
| #define PACKAGE_VERSION ""
| #define PACKAGE_STRING ""
| #define PACKAGE_BUGREPORT ""
| #define PACKAGE_URL ""
| #define PACKAGE "raad"
| #define VERSION "1.0"
| /* end confdefs.h.  */
| #include <ac_nonexistent.h>
configure:3550: result: gcc -E
configure:3570: gcc -E  conftest.c
configure:3570: $? = 0
configure:3584: gcc -E  conftest.c
conftest.c:11:28: fatal error: ac_nonexistent.h: No such file or directory
 #include <ac_nonexistent.h>
                            ^
compilation terminated.
configure:3584: $? = 1
configure: failed program was:
| /* confdefs.h */
| #define PACKAGE_NAME ""
| #define PACKAGE_TARNAME ""
| #define PACKAGE_VERSION ""
| #define PACKAGE_STRING ""
| #define PACKAGE_BUGREPORT ""
| #define PACKAGE_URL ""
| #define PACKAGE "raad"
| #define VERSION "1.0"
| /* end confdefs.h.  */
| #include <ac_nonexistent.h>
configure:3613: checking for grep that handles long lines and -e
configure:3671: result: /bin/grep
configure:3676: checking for egrep
configure:3738: result: /bin/grep -E
configure:3744: checking whether gcc needs -traditional
configure:3778: result: no
configure:3899: checking that generated files are newer than configure
configure:3905: result: done
configure:3928: creating ./config.status

## ---------------- ##
## Cache variables. ##
## ---------------- ##

ac_cv_c_compiler_gnu=yes
ac_cv_env_CC_set=
ac_cv_env_CC_value=
ac_cv_env_CFLAGS_set=
ac_cv_env_CFLAGS_value=
ac_cv_env_CPPFLAGS_set=
ac_cv_env_CPPFLAGS_value=
ac_cv_env_CPP_set=
ac_cv_env_CPP_value=
ac_cv_env_LDFLAGS_set=
ac_cv_env_LDFLAGS_value=
ac_cv_env_LIBS_set=
ac_cv_env_LIBS_value=
ac_cv_env_build_alias_set=
ac_cv_env_build_alias_value=
ac_cv_env_host_alias_set=
ac_cv_env_host_alias_value=
ac_cv_env_target_alias_set=
ac_cv_env_target_alias_value=
ac_cv_objext=o
ac_cv_path_EGREP='/bin/grep -E'
ac_cv_path_GREP=/bin/grep
ac_cv_path_install='/usr/bin/install -c'
ac_cv_path_mkdir=/bin/mkdir
ac_cv_prog_AWK=gawk
ac_cv_prog_CPP='gcc -E'
ac_cv_prog_ac_ct_CC=gcc
ac_cv_prog_cc_c89=
ac_cv_prog_cc_g=yes
ac_cv_prog_gcc_traditional=no
ac_cv_prog_make_make_set=yes
am_cv_CC_dependencies_compiler_type=gcc3
am_cv_make_support_nested_variables=yes
am_cv_prog_cc_c_o=yes

## ----------------- ##
## Output variables. ##
## ----------------- ##

ACLOCAL='${SHELL} /home/sergi/learning/sdl/raad/missing aclocal-1.14'
AMDEPBACKSLASH='\'
AMDEP_FALSE='#'
AMDEP_TRUE=''
AMTAR='$${TAR-tar}'
AM_BACKSLASH='\'
AM_DEFAULT_V='$(AM_DEFAULT_VERBOSITY)'
AM_DEFAULT_VERBOSITY='1'
AM_V='$(V)'
AUTOCONF='${SHELL} /home/sergi/learning/sdl/raad/missing autoconf'
AUTOHEADER='${SHELL} /home/sergi/learning/sdl/raad/missing autoheader'
AUTOMAKE='${SHELL} /home/sergi/learning/sdl/raad/missing automake-1.14'
AWK='gawk'
CC='gcc'
CCDEPMODE='depmode=gcc3'
CFLAGS='-g -O2'
CPP='gcc -E'
CPPFLAGS=''
CYGPATH_W='echo'
DEFS='-DHAVE_CONFIG_H'
DEPDIR='.deps'
ECHO_C=''
ECHO_N='-n'
ECHO_T=''
EGREP='/bin/grep -E'
EXEEXT=''
GREP='/bin/grep'
INSTALL_DATA='${INSTALL} -m 644'
INSTALL_PROGRAM='${INSTALL}'
INSTALL_SCRIPT='${INSTALL}'
INSTALL_STRIP_PROGRAM='$(install_sh) -c -s'
LDFLAGS=''
LIBOBJS=''
LIBS=''
LTLIBOBJS=''
MAKEINFO='${SHELL} /home/sergi/learning/sdl/raad/missing makeinfo'
MKDIR_P='/bin/mkdir -p'
OBJEXT='o'
PACKAGE='raad'
PACKAGE_BUGREPORT=''
PACKAGE_NAME=''
PACKAGE_STRING=''
PACKAGE_TARNAME=''
PACKAGE_URL=''
PACKAGE_VERSION=''
PATH_SEPARATOR=':'
SET_MAKE=''
SHELL='/bin/sh'
STRIP=''
VERSION='1.0'
ac_ct_CC='gcc'
am__EXEEXT_FALSE=''
am__EXEEXT_TRUE='#'
am__fastdepCC_FALSE='#'
am__fastdepCC_TRUE=''
am__include='include'
am__isrc=''
am__leading_dot='.'
am__nodep='_no'
am__quote=''
am__tar='$${TAR-tar} chof - "$$tardir"'
am__untar='$${TAR-tar} xf -'
bindir='${exec_prefix}/bin'
build_alias=''
datadir='${datarootdir}'
datarootdir='${prefix}/share'
docdir='${datarootdir}/doc/${PACKAGE}'
dvidir='${docdir}'
exec_prefix='${prefix}'
host_alias=''
htmldir='${docdir}'
includedir='${prefix}/include'
infodir='${datarootdir}/info'
install_sh='${SHELL} /home/sergi/learning/sdl/raad/install-sh'
libdir='${exec_prefix}/lib'
libexecdir='${exec_prefix}/libexec'
localedir='${datarootdir}/locale'
localstatedir='${prefix}/var'
mandir='${datarootdir}/man'
mkdir_p='$(MKDIR_P)'
oldincludedir='/usr/include'
pdfdir='${docdir}'
prefix='/usr/local'
program_transform_name='s,x,x,'
psdir='${docdir}'
sbindir='${exec_prefix}/sbin'
sharedstatedir='${prefix}/com'
sysconfdir='${prefix}/etc'
target_alias=''

## ----------- ##
## confdefs.h. ##
## ----------- ##

/* confdefs.h */
#define PACKAGE_NAME ""
#define PACKAGE_TARNAME ""
#define PACKAGE_VERSION ""
#define PACKAGE_STRING ""
#define PACKAGE_BUGREPORT ""
#define PACKAGE_URL ""
#define PACKAGE "raad"
#define VERSION "1.0"

configure: exit 0

## ---------------------- ##
## Running config.status. ##
## ---------------------- ##

This file was extended by config.status, which was
generated by GNU Autoconf 2.69.  Invocation command line was

  CONFIG_FILES    = 
  CONFIG_HEADERS  = 
  CONFIG_LINKS    = 
  CONFIG_COMMANDS = 
  $ ./config.status 

on sergi-gentoo

config.status:843: creating Makefile
config.status:843: creating config.h
config.status:1024: config.h is unchanged
config.status:1072: executing depfiles commands
config.status:1072: executing default commands
